<?xml version="1.0" encoding="UTF-8"?>
<!-- Generated by org.testng.reporters.JUnitReportReporter -->
<testsuite skipped="0" hostname="DESKTOP-C5FUFS1" name="tests.myTestNGDemo" tests="1" failures="0" timestamp="2022-07-03T14:33:32 IST" time="0.014" errors="0">
  <testcase name="openAppTest" time="0.014" classname="tests.myTestNGDemo"/>
  <system-out/>
</testsuite> <!-- tests.myTestNGDemo -->
