<?xml version="1.0" encoding="UTF-8"?>
<!-- Generated by org.testng.reporters.JUnitReportReporter -->
<testsuite skipped="0" hostname="DESKTOP-C5FUFS1" name="tests.newFeature" tests="6" failures="0" timestamp="08 May 2022 05:58:12 GMT" time="36.304" errors="0">
  <testcase name="newFeatureTest" time="0.000" classname="tests.newFeature"/>
  <testcase name="newFeatureTest" time="0.000" classname="tests.newFeature"/>
  <testcase name="newFeatureTest" time="0.000" classname="tests.newFeature"/>
  <testcase name="newFeatureTest" time="0.000" classname="tests.newFeature"/>
  <testcase name="chromeTest" time="36.304" classname="tests.newFeature"/>
  <testcase name="newFeatureTest" time="0.000" classname="tests.newFeature"/>
</testsuite> <!-- tests.newFeature -->
