<?xml version="1.0" encoding="UTF-8"?>
<!-- Generated by org.testng.reporters.JUnitReportReporter -->
<testsuite skipped="0" hostname="DESKTOP-C5FUFS1" name="tests.Testruntime" tests="1" failures="0" timestamp="03 May 2022 05:59:35 GMT" time="0.023" errors="0">
  <testcase name="divisionWithException" time="0.023" classname="tests.Testruntime"/>
</testsuite> <!-- tests.Testruntime -->
