<?xml version="1.0" encoding="UTF-8"?>
<!-- Generated by org.testng.reporters.JUnitReportReporter -->
<testsuite skipped="0" hostname="DESKTOP-C5FUFS1" name="NewTest" tests="1" failures="0" timestamp="06 May 2022 19:03:09 GMT" time="11.213" errors="0">
  <testcase name="getPage" time="11.213" classname="NewTest"/>
</testsuite> <!-- NewTest -->
