<?xml version="1.0" encoding="UTF-8"?>
<!-- Generated by org.testng.reporters.JUnitReportReporter -->
<testsuite skipped="0" hostname="DESKTOP-C5FUFS1" name="tests.DpDemo" tests="3" failures="0" timestamp="2022-06-16T18:10:47 IST" time="0.012" errors="0">
  <testcase name="testAddMethod" time="0.009" classname="tests.DpDemo"/>
  <system-out/>
  <testcase name="testAddMethod" time="0.001" classname="tests.DpDemo"/>
  <system-out/>
  <testcase name="testAddMethod" time="0.002" classname="tests.DpDemo"/>
  <system-out/>
</testsuite> <!-- tests.DpDemo -->
