<?xml version="1.0" encoding="UTF-8"?>
<!-- Generated by org.testng.reporters.JUnitReportReporter -->
<testsuite skipped="1" hostname="DESKTOP-C5FUFS1" name="tests.ReadXcell" tests="2" failures="0" timestamp="2022-06-16T21:32:03 IST" time="31.891" errors="0">
  <testcase name="UpdateExcelDataTest" time="31.891" classname="tests.ReadXcell"/>
  <system-out/>
  <testcase name="ExcelDataTest" classname="tests.ReadXcell">
    <skipped/>
  </testcase> <!-- ExcelDataTest -->
  <system-out/>
</testsuite> <!-- tests.ReadXcell -->
