<?xml version="1.0" encoding="UTF-8"?>
<!-- Generated by org.testng.reporters.JUnitReportReporter -->
<testsuite skipped="1" hostname="DESKTOP-C5FUFS1" name="tests.ArithemeticException" tests="2" failures="0" timestamp="04 May 2022 15:02:36 GMT" time="0.078" errors="0">
  <testcase name="arithExcepTest" time="0.078" classname="tests.ArithemeticException"/>
  <testcase name="skipExceptionTest" time="0.000" classname="tests.ArithemeticException">
    <skipped/>
  </testcase> <!-- skipExceptionTest -->
</testsuite> <!-- tests.ArithemeticException -->
