<?xml version="1.0" encoding="UTF-8"?>
<!-- Generated by org.testng.reporters.JUnitReportReporter -->
<testsuite skipped="0" hostname="DESKTOP-C5FUFS1" name="tests.LogInHRMTestPOM" tests="3" failures="0" timestamp="15 Dec 2020 06:19:53 GMT" time="8.964" errors="0">
  <testcase name="loginPageTitleTest" time="0.079" classname="tests.LogInHRMTestPOM"/>
  <testcase name="loginTest" time="7.603" classname="tests.LogInHRMTestPOM"/>
  <testcase name="logOutTest" time="1.282" classname="tests.LogInHRMTestPOM"/>
</testsuite> <!-- tests.LogInHRMTestPOM -->
