<?xml version="1.0" encoding="UTF-8"?>
<!-- Generated by org.testng.reporters.JUnitReportReporter -->
<testsuite skipped="0" hostname="DESKTOP-C5FUFS1" name="tests.LogInHRM" tests="3" failures="0" timestamp="11 Dec 2020 14:50:44 GMT" time="11.672" errors="0">
  <testcase name="loginPageTitleTest" time="0.019" classname="tests.LogInHRM"/>
  <testcase name="loginTest" time="9.588" classname="tests.LogInHRM"/>
  <testcase name="logOutTest" time="2.065" classname="tests.LogInHRM"/>
</testsuite> <!-- tests.LogInHRM -->
